2025-05-11T16:25:40.988Z [INFO]: GET /.well-known/appspecific/com.chrome.devtools.json
2025-05-11T16:25:41.096Z [INFO]: GET /favicon.ico
2025-05-12T11:12:38.739Z [INFO]: GET /.well-known/appspecific/com.chrome.devtools.json
2025-05-12T11:12:38.764Z [INFO]: GET /favicon.ico
2025-05-13T17:03:14.719Z [INFO]: GET /favicon.ico
2025-05-13T17:03:14.915Z [INFO]: GET /.well-known/appspecific/com.chrome.devtools.json
2025-05-13T17:06:15.097Z [INFO]: GET /.well-known/appspecific/com.chrome.devtools.json
2025-05-14T02:38:15.826Z [INFO]: GET /favicon.ico
2025-05-14T02:42:53.280Z [INFO]: POST //api/products
2025-05-15T00:19:40.728Z [INFO]: GET /favicon.ico
2025-05-15T02:56:38.383Z [INFO]: GET /api/create_payment_url?amount=12890000&locale=vn&type=VNPAY
2025-05-15T03:04:58.535Z [INFO]: GET /.well-known/appspecific/com.chrome.devtools.json
2025-05-15T03:08:37.148Z [INFO]: GET /.well-known/appspecific/com.chrome.devtools.json
2025-05-15T03:45:23.576Z [INFO]: GET /.well-known/appspecific/com.chrome.devtools.json
2025-05-15T03:56:15.868Z [INFO]: GET /.well-known/appspecific/com.chrome.devtools.json
2025-05-15T04:04:42.813Z [INFO]: GET /.well-known/appspecific/com.chrome.devtools.json
2025-05-15T04:19:29.122Z [INFO]: GET /.well-known/appspecific/com.chrome.devtools.json
2025-05-15T09:26:40.946Z [INFO]: GET /api/zalopay
2025-05-15T09:29:09.266Z [INFO]: POST /api/zalopay
2025-05-15T09:31:34.595Z [INFO]: POST /create-order
2025-05-15T09:32:19.057Z [INFO]: POST /create-order
2025-05-15T09:33:42.009Z [INFO]: POST /create-order
2025-05-15T09:53:56.489Z [INFO]: POST /create-order
2025-05-15T09:56:20.729Z [INFO]: POST /create-order
2025-05-15T09:58:10.612Z [INFO]: POST /create-order
2025-05-15T09:58:19.644Z [INFO]: POST /create-order
2025-05-15T11:16:09.791Z [INFO]: GET /order
2025-05-15T11:25:17.458Z [INFO]: GET /api/order/0789219877
2025-05-15T11:25:36.617Z [INFO]: GET /api/order/0789219877
2025-05-15T11:26:29.650Z [INFO]: GET /api/order/0789219877
